<?xml version="1.0" encoding="UTF-8"?>
<!-- Generated by org.testng.reporters.JUnitReportReporter -->
<testsuite skipped="0" hostname="nbhydcgontla" name="GroupKTAPIFramework.GroupKTAPIFramework.GetCountryTests" tests="6" failures="0" timestamp="10 Jul 2018 19:36:55 GMT" time="4.743" errors="0">
  <testcase name="getAllCountries" time="1.928" classname="GroupKTAPIFramework.GroupKTAPIFramework.GetCountryTests"/>
  <testcase name="getCountry" time="0.584" classname="GroupKTAPIFramework.GroupKTAPIFramework.GetCountryTests"/>
  <testcase name="getCountryWithInvalidCode" time="0.538" classname="GroupKTAPIFramework.GroupKTAPIFramework.GetCountryTests"/>
  <testcase name="postCountry" time="0.602" classname="GroupKTAPIFramework.GroupKTAPIFramework.GetCountryTests"/>
  <testcase name="getCountry" time="0.556" classname="GroupKTAPIFramework.GroupKTAPIFramework.GetCountryTests"/>
  <testcase name="getCountry" time="0.535" classname="GroupKTAPIFramework.GroupKTAPIFramework.GetCountryTests"/>
</testsuite> <!-- GroupKTAPIFramework.GroupKTAPIFramework.GetCountryTests -->
